<?xml version="1.0" encoding="UTF-8"?>
<!-- Generated by org.testng.reporters.JUnitXMLReporter -->
<testsuite hostname="Surajs-MacBook-Pro.local" ignored="0" name="ValidatingTitleTest" tests="2" failures="0" timestamp="2020-01-06T11:12:15 PST" time="1.082" errors="0">
  <testcase name="basePageNavigation" time="0.0" classname="Academy.ValidateTitle">
    <skipped/>
  </testcase> <!-- basePageNavigation -->
  <testcase name="validateHeader" time="0.0" classname="Academy.ValidateTitle">
    <skipped/>
  </testcase> <!-- validateHeader -->
</testsuite> <!-- ValidatingTitleTest -->
